<?xml version="1.0" encoding="UTF-8"?>
<!-- Generated by org.testng.reporters.JUnitReportReporter -->
<testsuite skipped="0" hostname="Angle" name="org.testNg1.Ex1" tests="2" failures="0" timestamp="2022-05-22T17:47:42 IST" time="0.037" errors="0">
  <testcase name="test1" time="0.032" classname="org.testNg1.Ex1"/>
  <system-out/>
  <testcase name="test2" time="0.005" classname="org.testNg1.Ex1"/>
  <system-out/>
</testsuite> <!-- org.testNg1.Ex1 -->
